<?xml version="1.0" encoding="UTF-8"?>
<!-- Generated by org.testng.reporters.JUnitReportReporter -->
<testsuite hostname="DESKTOP-RDRV1JO" failures="0" tests="1" name="testCases.TC_002_LoginTest" time="2.008" errors="0" timestamp="2024-10-06T11:49:44 IST" skipped="0">
  <testcase classname="testCases.TC_002_LoginTest" name="verify_login" time="2.008"/>
</testsuite> <!-- testCases.TC_002_LoginTest -->
