<?xml version="1.0" encoding="UTF-8"?>
<!-- Generated by org.testng.reporters.JUnitReportReporter -->
<testsuite hostname="DESKTOP-RDRV1JO" failures="0" tests="1" name="testCases.TC_001_AccountRegistrationTest" time="4.533" errors="0" timestamp="2024-10-06T11:49:44 IST" skipped="0">
  <testcase classname="testCases.TC_001_AccountRegistrationTest" name="verify_account_registration" time="4.533"/>
</testsuite> <!-- testCases.TC_001_AccountRegistrationTest -->
