<?xml version="1.0" encoding="UTF-8"?>
<!-- Generated by org.testng.reporters.JUnitReportReporter -->
<testsuite hostname="DESKTOP-RDRV1JO" failures="0" tests="1" name="testCases.TC_002_LoginTest" time="1.768" errors="0" timestamp="2024-12-08T11:52:41 IST" skipped="0">
  <testcase classname="testCases.TC_002_LoginTest" name="verify_login" time="1.768"/>
</testsuite> <!-- testCases.TC_002_LoginTest -->
